<?xml version="1.0" encoding="UTF-8"?>
<!-- Generated by org.testng.reporters.JUnitXMLReporter -->
<testsuite ignored="3" hostname="Balaji" failures="1" tests="1" name="APIAutomation" time="5.401" errors="0" timestamp="2022-09-07T12:32:52 IST">
  <testcase classname="com.excelr.test.PetShopTest" name="getPetDetailByIdTest" time="5.295">
    <failure type="java.lang.AssertionError" message="expected [true] but found [false]">
      <![CDATA[java.lang.AssertionError: expected [true] but found [false]
at com.excelr.test.PetShopTest.getPetDetailByIdTest(PetShopTest.java:36)
at java.base/java.util.ArrayList.forEach(ArrayList.java:1541)
at com.intellij.rt.testng.IDEARemoteTestNG.run(IDEARemoteTestNG.java:66)
at com.intellij.rt.testng.RemoteTestNGStarter.main(RemoteTestNGStarter.java:109)
... Removed 28 stack frames]]>
    </failure>
  </testcase> <!-- getPetDetailByIdTest -->
  <testcase classname="com.excelr.test.PetShopTest" name="getPetByIdTest" time="0.0">
    <ignored/>
  </testcase> <!-- getPetByIdTest -->
  <testcase classname="com.excelr.test.PetShopTest" name="AddPetTest" time="0.0">
    <ignored/>
  </testcase> <!-- AddPetTest -->
  <testcase classname="com.excelr.test.PetShopTest" name="getPetByStatusTest" time="0.0">
    <ignored/>
  </testcase> <!-- getPetByStatusTest -->
</testsuite> <!-- APIAutomation -->
